[debug] [2022-09-24T22:15:43.767Z] ----------------------------------------------------------------------
[debug] [2022-09-24T22:15:43.768Z] Command:       C:\Program Files\nodejs\node.exe C:\Users\joao_\AppData\Roaming\npm\node_modules\firebase-tools\lib\bin\firebase.js init
[debug] [2022-09-24T22:15:43.768Z] CLI Version:   11.10.0
[debug] [2022-09-24T22:15:43.769Z] Platform:      win32
[debug] [2022-09-24T22:15:43.769Z] Node Version:  v14.18.1
[debug] [2022-09-24T22:15:43.769Z] Time:          Sat Sep 24 2022 23:15:43 GMT+0100 (Hora de verão da Europa Ocidental)
[debug] [2022-09-24T22:15:43.770Z] ----------------------------------------------------------------------
[debug] 
[debug] [2022-09-24T22:15:43.776Z] > command requires scopes: ["email","openid","https://www.googleapis.com/auth/cloudplatformprojects.readonly","https://www.googleapis.com/auth/firebase","https://www.googleapis.com/auth/cloud-platform"]
[debug] [2022-09-24T22:15:43.776Z] > authorizing via signed-in user (guitargod947@gmail.com)
[info] 
     ######## #### ########  ######## ########     ###     ######  ########
     ##        ##  ##     ## ##       ##     ##  ##   ##  ##       ##
     ######    ##  ########  ######   ########  #########  ######  ######
     ##        ##  ##    ##  ##       ##     ## ##     ##       ## ##
     ##       #### ##     ## ######## ########  ##     ##  ######  ########

You're about to initialize a Firebase project in this directory:

  C:\Users\joao_\Desktop\Projects\React\Udemy Projects\e_shop

[info] 
=== Project Setup
[info] 
[info] First, let's associate this project directory with a Firebase project.
[info] You can create multiple project aliases by running firebase use --add, 
[info] but for now we'll just set up a default project.
[info] 
[info] i  If you want to create a project in a Google Cloud organization or folder, please use "firebase projects:create" instead, and return to this command when you've created the project. 
[debug] [2022-09-24T22:16:09.748Z] ----------------------------------------------------------------------
[debug] [2022-09-24T22:16:09.750Z] Command:       C:\Program Files\nodejs\node.exe C:\Users\joao_\AppData\Roaming\npm\node_modules\firebase-tools\lib\bin\firebase.js init
[debug] [2022-09-24T22:16:09.750Z] CLI Version:   11.10.0
[debug] [2022-09-24T22:16:09.750Z] Platform:      win32
[debug] [2022-09-24T22:16:09.750Z] Node Version:  v14.18.1
[debug] [2022-09-24T22:16:09.751Z] Time:          Sat Sep 24 2022 23:16:09 GMT+0100 (Hora de verão da Europa Ocidental)
[debug] [2022-09-24T22:16:09.751Z] ----------------------------------------------------------------------
[debug] 
[debug] [2022-09-24T22:16:09.757Z] > command requires scopes: ["email","openid","https://www.googleapis.com/auth/cloudplatformprojects.readonly","https://www.googleapis.com/auth/firebase","https://www.googleapis.com/auth/cloud-platform"]
[debug] [2022-09-24T22:16:09.757Z] > authorizing via signed-in user (guitargod947@gmail.com)
[info] 
     ######## #### ########  ######## ########     ###     ######  ########
     ##        ##  ##     ## ##       ##     ##  ##   ##  ##       ##
     ######    ##  ########  ######   ########  #########  ######  ######
     ##        ##  ##    ##  ##       ##     ## ##     ##       ## ##
     ##       #### ##     ## ######## ########  ##     ##  ######  ########

You're about to initialize a Firebase project in this directory:

  C:\Users\joao_\Desktop\Projects\React\Udemy Projects\e_shop

[info] 
=== Project Setup
[info] 
[info] First, let's associate this project directory with a Firebase project.
[info] You can create multiple project aliases by running firebase use --add, 
[info] but for now we'll just set up a default project.
[info] 
[info] i  If you want to create a project in a Google Cloud organization or folder, please use "firebase projects:create" instead, and return to this command when you've created the project. 
